<?xml version="1.0" encoding="UTF-8"?>
<!-- Generated by org.testng.reporters.JUnitReportReporter -->
<testsuite hostname="192.168.1.8" failures="0" tests="4" name="TestCases.BaseTest" time="12.636" errors="0" timestamp="17 Nov 2022 19:41:15 GMT" skipped="0">
  <testcase classname="TestCases.BaseTest" name="VerifyUserNavigatesToHomePageByDefault" time="0.217"/>
  <testcase classname="TestCases.BaseTest" name="selectMobileOnHomePage" time="3.878"/>
  <testcase classname="TestCases.BaseTest" name="addProductIntoCart" time="3.284"/>
  <testcase classname="TestCases.BaseTest" name="VerifyUserPlaceOrderSuccessfully" time="5.257"/>
</testsuite> <!-- TestCases.BaseTest -->
