<?xml version="1.0" encoding="UTF-8"?>
<!-- Generated by org.testng.reporters.JUnitReportReporter -->
<testsuite hostname="192.168.1.8" failures="0" tests="4" name="TestCases.BaseTest" time="11.232" errors="0" timestamp="17 Nov 2022 17:08:52 GMT" skipped="0">
  <testcase classname="TestCases.BaseTest" name="VerifyUserNavigatesToHomePageByDefault" time="0.365"/>
  <testcase classname="TestCases.BaseTest" name="selectMobileOnHomePage" time="3.224"/>
  <testcase classname="TestCases.BaseTest" name="addProductIntoCart" time="3.185"/>
  <testcase classname="TestCases.BaseTest" name="VerifyUserPlaceOrderSuccessfully" time="4.458"/>
</testsuite> <!-- TestCases.BaseTest -->
